This file contains any messages produced by compilers while
running configure, to aid debugging if configure makes a mistake.

It was created by configure, which was
generated by GNU Autoconf 2.59.  Invocation command line was

  $ ./configure 

## --------- ##
## Platform. ##
## --------- ##

hostname = Justins-MacBook-Pro-2.local
uname -m = x86_64
uname -r = 12.4.0
uname -s = Darwin
uname -v = Darwin Kernel Version 12.4.0: Wed May  1 17:57:12 PDT 2013; root:xnu-2050.24.15~1/RELEASE_X86_64

/usr/bin/uname -p = i386
/bin/uname -X     = unknown

/bin/arch              = unknown
/usr/bin/arch -k       = unknown
/usr/convex/getsysinfo = unknown
hostinfo               = Mach kernel version:
	 Darwin Kernel Version 12.4.0: Wed May  1 17:57:12 PDT 2013; root:xnu-2050.24.15~1/RELEASE_X86_64
Kernel configured for up to 8 processors.
4 processors are physically available.
8 processors are logically available.
Processor type: i486 (Intel 80486)
Processors active: 0 1 2 3 4 5 6 7
Primary memory available: 4.00 gigabytes
Default processor set: 135 tasks, 932 threads, 8 processors
Load average: 2.10, Mach factor: 5.88
/bin/machine           = unknown
/usr/bin/oslevel       = unknown
/bin/universe          = unknown

PATH: /Users/justinkay/.rvm/gems/ruby-1.9.3-p374/bin
PATH: /Users/justinkay/.rvm/gems/ruby-1.9.3-p374@global/bin
PATH: /Users/justinkay/.rvm/rubies/ruby-1.9.3-p374/bin
PATH: /Users/justinkay/.rvm/bin
PATH: /usr/bin
PATH: /bin
PATH: /usr/sbin
PATH: /sbin
PATH: /usr/local/bin


## ----------- ##
## Core tests. ##
## ----------- ##

configure:1543: checking for a BSD-compatible install
configure:1598: result: /usr/bin/install -c
configure:1609: checking whether build environment is sane
configure:1652: result: yes
configure:1717: checking for gawk
configure:1746: result: no
configure:1717: checking for mawk
configure:1746: result: no
configure:1717: checking for nawk
configure:1746: result: no
configure:1717: checking for awk
configure:1733: found /usr/bin/awk
configure:1743: result: awk
configure:1753: checking whether make sets $(MAKE)
configure:1777: result: no
configure:1942: checking whether to enable maintainer-specific portions of Makefiles
configure:1951: result: no
configure:2019: checking for g++
configure:2048: result: no
configure:2019: checking for c++
configure:2048: result: no
configure:2019: checking for gpp
configure:2048: result: no
configure:2019: checking for aCC
configure:2048: result: no
configure:2019: checking for CC
configure:2048: result: no
configure:2019: checking for cxx
configure:2048: result: no
configure:2019: checking for cc++
configure:2048: result: no
configure:2019: checking for cl
configure:2048: result: no
configure:2019: checking for FCC
configure:2048: result: no
configure:2019: checking for KCC
configure:2035: found /usr/bin/KCC
configure:2045: result: KCC
configure:2061: checking for C++ compiler version
configure:2064: KCC --version </dev/null >&5
KCC (Heimdal 1.5.1apple1)
Copyright 1995-2011 Kungliga Tekniska Högskolan
Send bug-reports to heimdal-bugs@h5l.org
configure:2067: $? = 0
configure:2069: KCC -v </dev/null >&5
Usage: : KCC [--version] [--help] command ..
configure:2072: $? = 1
configure:2074: KCC -V </dev/null >&5
Usage: : KCC [--version] [--help] command ..
configure:2077: $? = 1
configure:2100: checking for C++ compiler default output file name
configure:2103: KCC    conftest.cc  >&5
KCC: unrecognized command: conftest.cc
configure:2106: $? = 1
configure: failed program was:
| /* confdefs.h.  */
| 
| #define PACKAGE_NAME ""
| #define PACKAGE_TARNAME ""
| #define PACKAGE_VERSION ""
| #define PACKAGE_STRING ""
| #define PACKAGE_BUGREPORT ""
| #define PACKAGE "libserial"
| #define VERSION "0.5.2"
| /* end confdefs.h.  */
| 
| int
| main ()
| {
| 
|   ;
|   return 0;
| }
configure:2145: error: C++ compiler cannot create executables
See `config.log' for more details.

## ---------------- ##
## Cache variables. ##
## ---------------- ##

ac_cv_env_CC_set=
ac_cv_env_CC_value=
ac_cv_env_CFLAGS_set=
ac_cv_env_CFLAGS_value=
ac_cv_env_CPPFLAGS_set=
ac_cv_env_CPPFLAGS_value=
ac_cv_env_CPP_set=
ac_cv_env_CPP_value=
ac_cv_env_CXXCPP_set=
ac_cv_env_CXXCPP_value=
ac_cv_env_CXXFLAGS_set=
ac_cv_env_CXXFLAGS_value=
ac_cv_env_CXX_set=
ac_cv_env_CXX_value=
ac_cv_env_F77_set=
ac_cv_env_F77_value=
ac_cv_env_FFLAGS_set=
ac_cv_env_FFLAGS_value=
ac_cv_env_LDFLAGS_set=
ac_cv_env_LDFLAGS_value=
ac_cv_env_build_alias_set=
ac_cv_env_build_alias_value=
ac_cv_env_host_alias_set=
ac_cv_env_host_alias_value=
ac_cv_env_target_alias_set=
ac_cv_env_target_alias_value=
ac_cv_path_install='/usr/bin/install -c'
ac_cv_prog_AWK=awk
ac_cv_prog_ac_ct_CXX=KCC
ac_cv_prog_make_make_set=no

## ----------------- ##
## Output variables. ##
## ----------------- ##

ACLOCAL='${SHELL} /Users/justinkay/Documents/UCB/fa13/cs294/libserial-0.5.2/missing --run aclocal-1.9'
AMDEPBACKSLASH=''
AMDEP_FALSE=''
AMDEP_TRUE=''
AMTAR='${SHELL} /Users/justinkay/Documents/UCB/fa13/cs294/libserial-0.5.2/missing --run tar'
AR=''
AUTOCONF='${SHELL} /Users/justinkay/Documents/UCB/fa13/cs294/libserial-0.5.2/missing --run autoconf'
AUTOHEADER='${SHELL} /Users/justinkay/Documents/UCB/fa13/cs294/libserial-0.5.2/missing --run autoheader'
AUTOMAKE='${SHELL} /Users/justinkay/Documents/UCB/fa13/cs294/libserial-0.5.2/missing --run automake-1.9'
AWK='awk'
CC=''
CCDEPMODE=''
CFLAGS=''
CPP=''
CPPFLAGS=''
CXX='KCC'
CXXCPP=''
CXXDEPMODE=''
CXXFLAGS=''
CYGPATH_W='echo'
DEFS=''
DEPDIR=''
ECHO='/bin/echo'
ECHO_C='ECHO_N=''
ECHO_T=''
EGREP=''
EXEEXT=''
F77=''
FFLAGS=''
INSTALL_DATA='${INSTALL} -m 644'
INSTALL_PROGRAM='${INSTALL}'
INSTALL_SCRIPT='${INSTALL}'
INSTALL_STRIP_PROGRAM='${SHELL} $(install_sh) -c -s'
LDFLAGS=''
LIBOBJS=''
LIBS=''
LIBTOOL=''
LN_S=''
LTLIBOBJS=''
MAINT='#'
MAINTAINER_MODE_FALSE=''
MAINTAINER_MODE_TRUE='#'
MAKEINFO='${SHELL} /Users/justinkay/Documents/UCB/fa13/cs294/libserial-0.5.2/missing --run makeinfo'
OBJEXT=''
PACKAGE='libserial'
PACKAGE_BUGREPORT=''
PACKAGE_NAME=''
PACKAGE_STRING=''
PACKAGE_TARNAME=''
PACKAGE_VERSION=''
PATH_SEPARATOR=':'
RANLIB=''
SET_MAKE='MAKE=make'
SHELL='/bin/sh'
STRIP=''
VERSION='0.5.2'
ac_ct_AR=''
ac_ct_CC=''
ac_ct_CXX='KCC'
ac_ct_F77=''
ac_ct_RANLIB=''
ac_ct_STRIP=''
am__fastdepCC_FALSE=''
am__fastdepCC_TRUE=''
am__fastdepCXX_FALSE=''
am__fastdepCXX_TRUE=''
am__include=''
am__leading_dot='.'
am__quote=''
am__tar='${AMTAR} chof - "$$tardir"'
am__untar='${AMTAR} xf -'
bindir='${exec_prefix}/bin'
build=''
build_alias=''
build_cpu=''
build_os=''
build_vendor=''
datadir='${prefix}/share'
exec_prefix='NONE'
host=''
host_alias=''
host_cpu=''
host_os=''
host_vendor=''
includedir='${prefix}/include'
infodir='${prefix}/info'
install_sh='/Users/justinkay/Documents/UCB/fa13/cs294/libserial-0.5.2/install-sh'
libdir='${exec_prefix}/lib'
libexecdir='${exec_prefix}/libexec'
localstatedir='${prefix}/var'
mandir='${prefix}/man'
mkdir_p='$(install_sh) -d'
oldincludedir='/usr/include'
prefix='NONE'
program_transform_name='s,x,x,'
sbindir='${exec_prefix}/sbin'
sharedstatedir='${prefix}/com'
sysconfdir='${prefix}/etc'
target_alias=''

## ----------- ##
## confdefs.h. ##
## ----------- ##

#define PACKAGE "libserial"
#define PACKAGE_BUGREPORT ""
#define PACKAGE_NAME ""
#define PACKAGE_STRING ""
#define PACKAGE_TARNAME ""
#define PACKAGE_VERSION ""
#define VERSION "0.5.2"

configure: exit 77
